<?xml version="1.0" encoding="UTF-8"?>
<!-- Generated by org.testng.reporters.JUnitXMLReporter -->
<testsuite hostname="DENM00561076A" ignored="3" name="Test Jafra B2B USA" tests="2" failures="0" timestamp="31 Oct 2017 17:31:38 GMT" time="27.522" errors="0">
  <testcase name="t1loginToB2BUSA" time="6.127" classname="com.sap.hybris.selenium.test.B2BUSA1"/>
  <testcase name="t4aViewOrderHistory" time="7.64" classname="com.sap.hybris.selenium.test.B2BUSA1"/>
  <testcase name="t3bSOCard" time="0.0" classname="com.sap.hybris.selenium.test.B2BUSA1">
    <ignored/>
  </testcase> <!-- t3bSOCard -->
  <testcase name="t3aSOCard" time="0.0" classname="com.sap.hybris.selenium.test.B2BUSA1">
    <ignored/>
  </testcase> <!-- t3aSOCard -->
  <testcase name="t2changeAccount" time="0.0" classname="com.sap.hybris.selenium.test.B2BUSA1">
    <ignored/>
  </testcase> <!-- t2changeAccount -->
</testsuite> <!-- Test Jafra B2B USA -->
