<?xml version="1.0" encoding="UTF-8"?>
<testng-results skipped="0" failed="1" ignored="0" total="1" passed="0">
  <reporter-output>
  </reporter-output>
  <suite name="Default suite" duration-ms="32947" started-at="2017-10-31T18:43:43Z" finished-at="2017-10-31T18:44:16Z">
    <groups>
    </groups>
    <test name="Default test" duration-ms="32947" started-at="2017-10-31T18:43:43Z" finished-at="2017-10-31T18:44:16Z">
      <class name="com.sap.hybris.selenium.test.IDEgenerated">
        <test-method status="PASS" signature="setUp()[pri:0, instance:com.sap.hybris.selenium.test.IDEgenerated@46d56d67]" name="setUp" is-config="true" duration-ms="2905" started-at="2017-10-31T12:43:43Z" finished-at="2017-10-31T12:43:46Z">
          <reporter-output>
          </reporter-output>
        </test-method> <!-- setUp -->
        <test-method status="FAIL" signature="testB2BUSA1code()[pri:0, instance:com.sap.hybris.selenium.test.IDEgenerated@46d56d67]" name="testB2BUSA1code" duration-ms="29777" started-at="2017-10-31T12:43:46Z" finished-at="2017-10-31T12:44:16Z">
          <exception class="org.junit.ComparisonFailure">
            <message>
              <![CDATA[expected:<5[9]34301> but was:<5[8]34301>]]>
            </message>
            <full-stacktrace>
              <![CDATA[org.junit.ComparisonFailure: expected:<5[9]34301> but was:<5[8]34301>
	at org.junit.Assert.assertEquals(Assert.java:115)
	at org.junit.Assert.assertEquals(Assert.java:144)
	at com.sap.hybris.selenium.test.IDEgenerated.testB2BUSA1code(IDEgenerated.java:41)
	at sun.reflect.NativeMethodAccessorImpl.invoke0(Native Method)
	at sun.reflect.NativeMethodAccessorImpl.invoke(NativeMethodAccessorImpl.java:62)
	at sun.reflect.DelegatingMethodAccessorImpl.invoke(DelegatingMethodAccessorImpl.java:43)
	at java.lang.reflect.Method.invoke(Method.java:498)
	at org.testng.internal.MethodInvocationHelper.invokeMethod(MethodInvocationHelper.java:108)
	at org.testng.internal.Invoker.invokeMethod(Invoker.java:669)
	at org.testng.internal.Invoker.invokeTestMethod(Invoker.java:877)
	at org.testng.internal.Invoker.invokeTestMethods(Invoker.java:1201)
	at org.testng.internal.TestMethodWorker.invokeTestMethods(TestMethodWorker.java:125)
	at org.testng.internal.TestMethodWorker.run(TestMethodWorker.java:109)
	at org.testng.TestRunner.privateRun(TestRunner.java:776)
	at org.testng.TestRunner.run(TestRunner.java:634)
	at org.testng.SuiteRunner.runTest(SuiteRunner.java:425)
	at org.testng.SuiteRunner.runSequentially(SuiteRunner.java:420)
	at org.testng.SuiteRunner.privateRun(SuiteRunner.java:385)
	at org.testng.SuiteRunner.run(SuiteRunner.java:334)
	at org.testng.SuiteRunnerWorker.runSuite(SuiteRunnerWorker.java:52)
	at org.testng.SuiteRunnerWorker.run(SuiteRunnerWorker.java:86)
	at org.testng.TestNG.runSuitesSequentially(TestNG.java:1318)
	at org.testng.TestNG.runSuitesLocally(TestNG.java:1243)
	at org.testng.TestNG.runSuites(TestNG.java:1161)
	at org.testng.TestNG.run(TestNG.java:1129)
	at org.testng.remote.AbstractRemoteTestNG.run(AbstractRemoteTestNG.java:114)
	at org.testng.remote.RemoteTestNG.initAndRun(RemoteTestNG.java:251)
	at org.testng.remote.RemoteTestNG.main(RemoteTestNG.java:77)
]]>
            </full-stacktrace>
          </exception> <!-- org.junit.ComparisonFailure -->
          <reporter-output>
          </reporter-output>
        </test-method> <!-- testB2BUSA1code -->
        <test-method status="PASS" signature="tearDown()[pri:0, instance:com.sap.hybris.selenium.test.IDEgenerated@46d56d67]" name="tearDown" is-config="true" duration-ms="247" started-at="2017-10-31T12:44:16Z" finished-at="2017-10-31T12:44:16Z">
          <reporter-output>
          </reporter-output>
        </test-method> <!-- tearDown -->
      </class> <!-- com.sap.hybris.selenium.test.IDEgenerated -->
    </test> <!-- Default test -->
  </suite> <!-- Default suite -->
</testng-results>
